
legsid2 (Version 7.4.1): Build automatic identification
Copyright (C) Rocket Software, Inc. 1993-2015. All Rights Reserved.
legsid2 /yLSWB /a+ /lm- /l1- /mc /i2 /m1 /national \u0021\u0023-\u0024\u0040\u005b-\u0060\u007b-\u00ff\u2014-\u2016\u20ac\u2212\u2225\u301c\uff0d\uff5e\uffe4 /bt /w0 /projectDir C:\Seagull Projects\workspace_OrchardBrands\git\ob-projects\OrchardBrands for WebOMOI /projectSet C:\Seagull Projects\workspace_OrchardBrands\git\ob-projects\OrchardBrands for WebOMOI\Album\project.identification /output C:\Seagull Projects\workspace_OrchardBrands\git\ob-projects\OrchardBrands for WebOMOI\Album\runtime.lwi


Attributes in output fields . . . : Allowed
Border title window detection . . : Yes
  Requires run time version . . . : 4.0C8 (E5xx) (or later)
Colored border window detection . : Yes
  Requires run time version . . . : 4.0C7 (E487) (or later)
Growth maximum  . . . . . . . . . : 0%
Redundant pictures  . . . . . . . : As instructed by developer
Message texts . . . . . . . . . . : MSGID can change; MSGCON, fixed text and lengths cannot
  Constant form . . . . . . . . . : "^[A-Z]*[0-9]+"
  Minimum length  . . . . . . . . : Default
Optimization limit  . . . . . . . : 0
National characters . . . . . . . : \u0021, \u0023-\u0024, \u0040,
                                    \u005b-\u0060, \u007b-\u00ff,
                                    \u2014-\u2016, \u20ac, \u2212, \u2225,
                                    \u301c, \uff0d, \uff5e, \uffe4


Redundant pictures (<r> requires no action):

<r>    (388)        SEADSPF/MSR0121#(#SFLCTL+*022/024)


24x80 pictures conditionally identified (<c> should be checked):

<c>     (70)        SEADSPF/CSR1295#(#SFLCTL+*022/024)

<c>     (74)        SEADSPF/CSR1305#(#SFLCTL+*022/024)

<c>    (137)        SEADSPF/OER0170#(#SFLCTL+*022/024)

<c>    (158)        SEADSPF/OER0305#(#SFLCTL+*022/024)

<c>    (159)        SEADSPF/OER0305#(#SFLCTL2+*022/024)

<c>    (186)        SEADSPF/OER1293#(#SFLCTL+*022/024)


22x64 pictures conditionally identified (<c> should be checked):

<c>    (117)        SEADSPF/NOE00038#(#SFLCTL+#CMDTXT1)

<c>    (118)        SEADSPF/NOE00038#(#SFLCTL+#MSGCTL)


22x64 pictures conditionally identified (<c> should be checked):

<c>    (117)        SEADSPF/NOE00038#(#SFLCTL+#CMDTXT1)

<c>    (118)        SEADSPF/NOE00038#(#SFLCTL+#MSGCTL)


Picture identification report:             See:    Recommended action:

Redundant . . . . . . . . . . . . :     1   <r>    None
Identical . . . . . . . . . . . . :     0
Cannot be distinguished . . . . . :     0
Conditionally identified  . . . . :     8   <c>    Should be checked

Uniquely identified . . . . . . . :   406

Total number of pictures. . . . . :   415
