Generating Ini file... Done
Copying resource files...
   Determining differences...
   Skipping file: /OrchardBrands for WebOMOI/Resources/AddItem.png
   Skipping file: /OrchardBrands for WebOMOI/Resources/BackArrow.png
   Skipping file: /OrchardBrands for WebOMOI/Resources/BottomLeftPetal.JPG
   Skipping file: /OrchardBrands for WebOMOI/Resources/BottomRightPetal.JPG
   Skipping file: /OrchardBrands for WebOMOI/Resources/CancelOrder.png
   Skipping file: /OrchardBrands for WebOMOI/Resources/Coordinates.png
   Skipping file: /OrchardBrands for WebOMOI/Resources/Delete.png
   Skipping file: /OrchardBrands for WebOMOI/Resources/Discover.jpg
   Skipping file: /OrchardBrands for WebOMOI/Resources/DisplaySKU.png
   Skipping file: /OrchardBrands for WebOMOI/Resources/Edit.png
   Skipping file: /OrchardBrands for WebOMOI/Resources/Header_blue.jpg
   Skipping file: /OrchardBrands for WebOMOI/Resources/HomePage_Logo.png
   Skipping file: /OrchardBrands for WebOMOI/Resources/Icons_r3.psd
   Skipping file: /OrchardBrands for WebOMOI/Resources/LSWB-GUI.jpg
   Skipping file: /OrchardBrands for WebOMOI/Resources/LSWB-Integration.jpg
   Skipping file: /OrchardBrands for WebOMOI/Resources/LSWB-Workflow.jpg
   Skipping file: /OrchardBrands for WebOMOI/Resources/PNGs.zip
   Skipping file: /OrchardBrands for WebOMOI/Resources/PO.png
   Skipping file: /OrchardBrands for WebOMOI/Resources/Pricing.png
   Skipping file: /OrchardBrands for WebOMOI/Resources/Save.png
   Skipping file: /OrchardBrands for WebOMOI/Resources/SoldOut.png
   Skipping file: /OrchardBrands for WebOMOI/Resources/SpecialHandling.png
   Skipping file: /OrchardBrands for WebOMOI/Resources/Tab1-4.png
   Skipping file: /OrchardBrands for WebOMOI/Resources/Tab1-5.png
   Skipping file: /OrchardBrands for WebOMOI/Resources/Tab1.png
   Skipping file: /OrchardBrands for WebOMOI/Resources/Tab2-4.png
   Skipping file: /OrchardBrands for WebOMOI/Resources/Tab2-5.png
   Skipping file: /OrchardBrands for WebOMOI/Resources/Tab3-4.png
   Skipping file: /OrchardBrands for WebOMOI/Resources/Tab4-4.png
   Skipping file: /OrchardBrands for WebOMOI/Resources/TopLeftPetal.JPG
   Skipping file: /OrchardBrands for WebOMOI/Resources/TopRightPetal.JPG
   Skipping file: /OrchardBrands for WebOMOI/Resources/amex.jpg
   Skipping file: /OrchardBrands for WebOMOI/Resources/arrow_left.png
   Skipping file: /OrchardBrands for WebOMOI/Resources/arrow_right.png
   Skipping file: /OrchardBrands for WebOMOI/Resources/background.JPG
   Skipping file: /OrchardBrands for WebOMOI/Resources/bttn_Cancel_off.png
   Skipping file: /OrchardBrands for WebOMOI/Resources/bttn_Cancel_on.png
   Skipping file: /OrchardBrands for WebOMOI/Resources/bttn_arrowLeft_off.png
   Skipping file: /OrchardBrands for WebOMOI/Resources/bttn_arrowLeft_on.png
   Skipping file: /OrchardBrands for WebOMOI/Resources/bttn_arrowRight_off.png
   Skipping file: /OrchardBrands for WebOMOI/Resources/bttn_arrowRight_on.png
   Skipping file: /OrchardBrands for WebOMOI/Resources/bttn_blank_off.png
   Skipping file: /OrchardBrands for WebOMOI/Resources/bttn_blank_off_225.png
   Skipping file: /OrchardBrands for WebOMOI/Resources/bttn_blank_on.png
   Skipping file: /OrchardBrands for WebOMOI/Resources/bttn_blank_on_155.png
   Skipping file: /OrchardBrands for WebOMOI/Resources/bttn_blank_on_175.png
   Skipping file: /OrchardBrands for WebOMOI/Resources/bttn_blank_on_225.png
   Skipping file: /OrchardBrands for WebOMOI/Resources/button_medium.jpg
   Skipping file: /OrchardBrands for WebOMOI/Resources/button_medium_grayback.jpg
   Skipping file: /OrchardBrands for WebOMOI/Resources/checkmark.jpg
   Skipping file: /OrchardBrands for WebOMOI/Resources/dollar.jpg
   Skipping file: /OrchardBrands for WebOMOI/Resources/down.png
   Skipping file: /OrchardBrands for WebOMOI/Resources/down2.png
   Skipping file: /OrchardBrands for WebOMOI/Resources/down3.png
   Skipping file: /OrchardBrands for WebOMOI/Resources/down4.png
   Skipping file: /OrchardBrands for WebOMOI/Resources/dtl.png
   Skipping file: /OrchardBrands for WebOMOI/Resources/forward.jpg
   Skipping file: /OrchardBrands for WebOMOI/Resources/forwardSilver.jpg
   Skipping file: /OrchardBrands for WebOMOI/Resources/help2.gif
   Skipping file: /OrchardBrands for WebOMOI/Resources/history.png
   Skipping file: /OrchardBrands for WebOMOI/Resources/images.zip
   Skipping file: /OrchardBrands for WebOMOI/Resources/info.png
   Skipping file: /OrchardBrands for WebOMOI/Resources/knittop.gif
   Skipping file: /OrchardBrands for WebOMOI/Resources/knittop.jpg
   Skipping file: /OrchardBrands for WebOMOI/Resources/left_sidebar.jpg
   Skipping file: /OrchardBrands for WebOMOI/Resources/logoleaf.png
   Skipping file: /OrchardBrands for WebOMOI/Resources/lookup.gif
   Skipping file: /OrchardBrands for WebOMOI/Resources/mastercard.jpg
   Skipping file: /OrchardBrands for WebOMOI/Resources/mini-dialog-halfsize.jpg
   Skipping file: /OrchardBrands for WebOMOI/Resources/mini-dialog.jpg
   Skipping file: /OrchardBrands for WebOMOI/Resources/minus.png
   Skipping file: /OrchardBrands for WebOMOI/Resources/nextarrow.png
   Skipping file: /OrchardBrands for WebOMOI/Resources/ob_background.png
   Skipping file: /OrchardBrands for WebOMOI/Resources/orchard-brands-logo.png
   Skipping file: /OrchardBrands for WebOMOI/Resources/plus.png
   Skipping file: /OrchardBrands for WebOMOI/Resources/prevarrow.png
   Skipping file: /OrchardBrands for WebOMOI/Resources/redarrow2.jpg
   Skipping file: /OrchardBrands for WebOMOI/Resources/rocket_logo.jpg
   Skipping file: /OrchardBrands for WebOMOI/Resources/rocket_logo_small.jpg
   Skipping file: /OrchardBrands for WebOMOI/Resources/top1.png
   Skipping file: /OrchardBrands for WebOMOI/Resources/totals.png
   Skipping file: /OrchardBrands for WebOMOI/Resources/up.png
   Skipping file: /OrchardBrands for WebOMOI/Resources/up2.png
   Skipping file: /OrchardBrands for WebOMOI/Resources/up3.png
   Skipping file: /OrchardBrands for WebOMOI/Resources/up4.png
   Skipping file: /OrchardBrands for WebOMOI/Resources/update.jpg
   Skipping file: /OrchardBrands for WebOMOI/Resources/visa.png
   Skipping file: /OrchardBrands for WebOMOI/Resources/welcome_to_orchard_brands.png
   Skipping file: /OrchardBrands for WebOMOI/Resources/xphelp.gif
   Skipping file: /OrchardBrands for WebOMOI/Resources/xpmag.gif
Copying Message file to Messages.lwm... Done
Copying Translation file to Translations.lwx... Done
Publishing package file 'OBWEB':
Included template set(s)                               : Default
Product                                                : LegaSuite Web Builder for 5250
Version                                                : Version 7.4.1 (build 7.2688.1.41)
Compiled filename                                      : C:\Seagull Projects\workspace_OrchardBrands\git\ob-projects\OrchardBrands for WebOMOI\bin\OBWEB.lwr
Project                                                : C:\Seagull Projects\workspace_OrchardBrands\git\ob-projects\OrchardBrands for WebOMOI
Emulator work file                                     : OrchardBrands for WebOMOI.lwe
Page work file                                         : OrchardBrands for WebOMOI.lwa
Album                                                  : 
Message file                                           : Messages.messages
Translation                                            : Translations.translations
Company name                                           : Rocket Software
Application title                                      : OrchardBrands for WebOMOI
Initial licenses                                       : 1
Options                                                : Verify off
Validate (embedded) scripts                            : no
Set clipping for overlapping fields                    : no
Sort page fields                                       : no
Encryption  method:                                    : None
Compression method:                                    : Zlib
Package File is Hashed:                                : yes
Maximize at start                                      : no
Assign Mnemonics                                       : no
Function keys to session                               : yes
Line 25 message box                                    : no
Remove pseudo_underline in entry fields                : no
Allow right click menus on disabled fields             : no
Allow host cursor move to disabled fields              : no
Use Parent Background color for static fields          : no
Allow use other projects data                          : no
Resize list box row height before adjusting font size  : no
Fallback package                                       : no
Application popup position                             : Default
Script text file codepage                              : 0
Development package                                    : no
No errors encountered during publication.
Process finished in 5.514 seconds